[ 2016-06-16T11:23:44+08:00 ] ::1 /thinkcmf/index.php?g=Portal&m=AdminPage&a=index&menuid=25
NOTIC: D方法实例化没找到模型类Common\Model\PostsModel

[ 2016-06-16T11:23:47+08:00 ] ::1 /thinkcmf/index.php?g=&m=AdminPage&a=edit&id=3
NOTIC: D方法实例化没找到模型类Common\Model\PostsModel

[ 2016-06-16T11:24:22+08:00 ] ::1 /thinkcmf/
ERR: 无法加载控制器:Thinkcmf

[ 2016-06-16T11:24:26+08:00 ] ::1 /thinkcmf/
ERR: 无法加载控制器:Thinkcmf

[ 2016-06-16T11:26:42+08:00 ] ::1 /thinkcmf/index.php?g=&m=AdminPage&a=add
NOTIC: D方法实例化没找到模型类Common\Model\PostsModel

[ 2016-06-16T11:26:59+08:00 ] ::1 /thinkcmf/index.php?g=&m=AdminPage&a=add_post
INFO: [ app_begin ] --START--
INFO: Run Behavior\ReadHtmlCacheBehavior [ RunTime:0.000000s ]
INFO: Run Behavior\CheckLangBehavior [ RunTime:0.001000s ]
INFO: [ app_begin ] --END-- [ RunTime:0.001000s ]
SQL: SHOW COLUMNS FROM `cmf_users` [ RunTime:0.0040s ]
SQL: SELECT * FROM `cmf_users` WHERE ( id=1 ) LIMIT 1   [ RunTime:0.0000s ]
NOTIC: D方法实例化没找到模型类Common\Model\PostsModel
SQL: SHOW COLUMNS FROM `cmf_posts` [ RunTime:0.0030s ]
SQL: INSERT INTO `cmf_posts` (`post_type`,`post_title`,`post_keywords`,`post_excerpt`,`post_modified`,`post_status`,`post_content`,`post_date`,`post_author`,`smeta`) VALUES ('2','联系我们','联系我们','联系我们','2016-06-16 11:26:42','1','<p>联系我们联系我们联系我们联系我们联系我们联系我们联系我们联系我们</p>','2016-06-16 11:26:59','1','{\"template\":\"link\",\"thumb\":\"\"}') [ RunTime:0.0010s ]

[ 2016-06-16T11:27:01+08:00 ] ::1 /thinkcmf/index.php?g=&m=AdminPage&a=index
NOTIC: D方法实例化没找到模型类Common\Model\PostsModel

[ 2016-06-16T11:28:11+08:00 ] ::1 /thinkcmf/index.php?g=&m=AdminTerm&a=add_post
INFO: [ app_begin ] --START--
INFO: Run Behavior\ReadHtmlCacheBehavior [ RunTime:0.000000s ]
INFO: Run Behavior\CheckLangBehavior [ RunTime:0.001000s ]
INFO: [ app_begin ] --END-- [ RunTime:0.002000s ]
SQL: SHOW COLUMNS FROM `cmf_users` [ RunTime:0.0070s ]
SQL: SELECT * FROM `cmf_users` WHERE ( id=1 ) LIMIT 1   [ RunTime:0.0010s ]
SQL: SHOW COLUMNS FROM `cmf_terms` [ RunTime:0.0060s ]
NOTIC: [8] Undefined index: validate D:\phpStudy\WWW\thinkcmf\simplewind\Core\Library\Think\Model.class.php 第 1185 行.
NOTIC: [8] Undefined index: auto D:\phpStudy\WWW\thinkcmf\simplewind\Core\Library\Think\Model.class.php 第 1128 行.
SQL: INSERT INTO `cmf_terms` (`parent`,`name`,`description`,`taxonomy`,`seo_title`,`seo_keywords`,`seo_description`,`list_tpl`,`one_tpl`) VALUES ('0','公司新闻','','article','','','','nlist','narticle') [ RunTime:0.0000s ]
SQL: UPDATE `cmf_terms` SET `path`='0-4' WHERE ( term_id=4 ) [ RunTime:0.0010s ]

[ 2016-06-16T11:28:45+08:00 ] ::1 /thinkcmf/onsale.html
ERR: 无法加载控制器:Onsale

[ 2016-06-16T11:28:46+08:00 ] ::1 /thinkcmf/onsale.html
ERR: 无法加载控制器:Onsale

[ 2016-06-16T11:29:49+08:00 ] ::1 /thinkcmf/js/jquery-1.11.0.min.js
ERR: 无法加载控制器:Js

[ 2016-06-16T11:29:50+08:00 ] ::1 /thinkcmf/js/manhuatoTop.1.0.js
ERR: 无法加载控制器:Js

[ 2016-06-16T11:29:50+08:00 ] ::1 /thinkcmf/m.css
ERR: 无法加载控制器:M

[ 2016-06-16T11:29:50+08:00 ] ::1 /thinkcmf/js/common.js
ERR: 无法加载控制器:Js

[ 2016-06-16T11:30:55+08:00 ] ::1 /thinkcmf/js/common.js
ERR: 无法加载控制器:Js

[ 2016-06-16T11:30:55+08:00 ] ::1 /thinkcmf/js/manhuatoTop.1.0.js
ERR: 无法加载控制器:Js

[ 2016-06-16T11:30:55+08:00 ] ::1 /thinkcmf/m.css
ERR: 无法加载控制器:M

[ 2016-06-16T11:30:55+08:00 ] ::1 /thinkcmf/js/jquery-1.11.0.min.js
ERR: 无法加载控制器:Js

[ 2016-06-16T11:30:56+08:00 ] ::1 /thinkcmf/js/jquery-1.11.0.min.js
ERR: 无法加载控制器:Js

[ 2016-06-16T11:30:56+08:00 ] ::1 /thinkcmf/js/common.js
ERR: 无法加载控制器:Js

[ 2016-06-16T11:30:56+08:00 ] ::1 /thinkcmf/js/manhuatoTop.1.0.js
ERR: 无法加载控制器:Js

[ 2016-06-16T11:30:56+08:00 ] ::1 /thinkcmf/m.css
ERR: 无法加载控制器:M

[ 2016-06-16T11:31:17+08:00 ] ::1 /thinkcmf/m.css
ERR: 无法加载控制器:M

[ 2016-06-16T11:31:17+08:00 ] ::1 /thinkcmf/js/jquery-1.11.0.min.js
ERR: 无法加载控制器:Js

[ 2016-06-16T11:31:17+08:00 ] ::1 /thinkcmf/js/manhuatoTop.1.0.js
ERR: 无法加载控制器:Js

[ 2016-06-16T11:31:17+08:00 ] ::1 /thinkcmf/js/common.js
ERR: 无法加载控制器:Js

[ 2016-06-16T11:31:28+08:00 ] ::1 /thinkcmf/m.css
ERR: 无法加载控制器:M

[ 2016-06-16T11:31:28+08:00 ] ::1 /thinkcmf/js/jquery-1.11.0.min.js
ERR: 无法加载控制器:Js

[ 2016-06-16T11:31:28+08:00 ] ::1 /thinkcmf/js/common.js
ERR: 无法加载控制器:Js

[ 2016-06-16T11:31:28+08:00 ] ::1 /thinkcmf/js/manhuatoTop.1.0.js
ERR: 无法加载控制器:Js

[ 2016-06-16T11:36:59+08:00 ] ::1 /thinkcmf/lvyoutuan_TR042774.html
ERR: 无法加载控制器:Lvyoutuan_TR042774

[ 2016-06-16T11:47:41+08:00 ] ::1 /thinkcmf/index.php?g=Portal&m=AdminPost&a=index&menuid=7
NOTIC: D方法实例化没找到模型类Portal\Model\PostsModel

[ 2016-06-16T11:47:42+08:00 ] ::1 /thinkcmf/index.php?g=&m=AdminPost&a=add&term=
NOTIC: D方法实例化没找到模型类Portal\Model\PostsModel

[ 2016-06-16T11:48:08+08:00 ] ::1 /thinkcmf/index.php?g=&m=AdminPost&a=add_post
INFO: [ app_begin ] --START--
INFO: Run Behavior\ReadHtmlCacheBehavior [ RunTime:0.001000s ]
INFO: Run Behavior\CheckLangBehavior [ RunTime:0.001000s ]
INFO: [ app_begin ] --END-- [ RunTime:0.003000s ]
SQL: SHOW COLUMNS FROM `cmf_users` [ RunTime:0.0090s ]
SQL: SELECT * FROM `cmf_users` WHERE ( id=1 ) LIMIT 1   [ RunTime:0.0010s ]
NOTIC: D方法实例化没找到模型类Portal\Model\PostsModel
SQL: SHOW COLUMNS FROM `cmf_posts` [ RunTime:0.0070s ]
SQL: SHOW COLUMNS FROM `cmf_terms` [ RunTime:0.0070s ]
SQL: SHOW COLUMNS FROM `cmf_term_relationships` [ RunTime:0.0040s ]
SQL: INSERT INTO `cmf_posts` (`post_title`,`post_keywords`,`post_source`,`post_excerpt`,`post_modified`,`post_status`,`istop`,`recommended`,`post_content`,`post_date`,`post_author`,`smeta`) VALUES ('新闻的测试','新闻的测试','新闻的测试','新闻的测试','2016-06-16 11:47:42','1','0','0','<p>新闻的测试新闻的测试新闻的测试新闻的测试</p>','2016-06-16 11:48:08','1','{\"thumb\":\"20160616\\/5762217568cd9.jpg\"}') [ RunTime:0.0010s ]
SQL: INSERT INTO `cmf_term_relationships` (`term_id`,`object_id`) VALUES ('4','5') [ RunTime:0.0000s ]

[ 2016-06-16T11:48:10+08:00 ] ::1 /thinkcmf/index.php?g=&m=AdminPost&a=index
NOTIC: D方法实例化没找到模型类Portal\Model\PostsModel

[ 2016-06-16T11:48:11+08:00 ] ::1 /thinkcmf/index.php?g=&m=AdminPage&a=index
NOTIC: D方法实例化没找到模型类Common\Model\PostsModel

[ 2016-06-16T11:51:24+08:00 ] ::1 /thinkcmf/index.php?g=&m=AdminPost&a=add&term=
NOTIC: D方法实例化没找到模型类Portal\Model\PostsModel

[ 2016-06-16T11:51:41+08:00 ] ::1 /thinkcmf/index.php?g=&m=AdminPost&a=add_post
INFO: [ app_begin ] --START--
INFO: Run Behavior\ReadHtmlCacheBehavior [ RunTime:0.001000s ]
INFO: Run Behavior\CheckLangBehavior [ RunTime:0.001000s ]
INFO: [ app_begin ] --END-- [ RunTime:0.003000s ]
SQL: SHOW COLUMNS FROM `cmf_users` [ RunTime:0.0080s ]
SQL: SELECT * FROM `cmf_users` WHERE ( id=1 ) LIMIT 1   [ RunTime:0.0000s ]
NOTIC: D方法实例化没找到模型类Portal\Model\PostsModel
SQL: SHOW COLUMNS FROM `cmf_posts` [ RunTime:0.0040s ]
SQL: SHOW COLUMNS FROM `cmf_terms` [ RunTime:0.0030s ]
SQL: SHOW COLUMNS FROM `cmf_term_relationships` [ RunTime:0.0030s ]
SQL: INSERT INTO `cmf_posts` (`post_title`,`post_keywords`,`post_source`,`post_excerpt`,`post_modified`,`post_status`,`istop`,`recommended`,`post_content`,`post_date`,`post_author`,`smeta`) VALUES ('公司新闻测试2','公司新闻测试2','公司新闻测试2','公司新闻测试2','2016-06-16 11:51:24','1','0','0','<p>公司新闻测试2公司新闻测试2公司新闻测试2公司新闻测试2公司新闻测试2</p>','2016-06-16 11:51:41','1','{\"thumb\":\"20160616\\/5762224a9c5d4.jpg\"}') [ RunTime:0.0000s ]
SQL: INSERT INTO `cmf_term_relationships` (`term_id`,`object_id`) VALUES ('4','6') [ RunTime:0.0000s ]

[ 2016-06-16T11:51:43+08:00 ] ::1 /thinkcmf/index.php?g=&m=AdminPage&a=index
NOTIC: D方法实例化没找到模型类Common\Model\PostsModel

[ 2016-06-16T11:51:44+08:00 ] ::1 /thinkcmf/index.php?g=&m=AdminPost&a=index
NOTIC: D方法实例化没找到模型类Portal\Model\PostsModel

